2022-10-20 10:07:41,070 INFO (StartupInfoLogger.java:50)- Starting NtfApplication on DESKTOP-E8S3IGV with PID 10128 (started by ds in E:\状\ntf\ntf)
2022-10-20 10:07:41,072 INFO (SpringApplication.java:679)- The following profiles are active: prod
2022-10-20 10:07:54,480 INFO (StartupInfoLogger.java:59)- Started NtfApplication in 14.028 seconds (JVM running for 16.736)
2022-10-20 10:10:27,858 INFO (JWTTokenFilter.java:109)- filter preHandler /sysDrop/findUserByTreaId
2022-10-20 10:10:27,858 INFO (JWTTokenFilter.java:44)- Filter，isLoginAttempt=======================捕捉路径/sysDrop/findUserByTreaId
2022-10-20 10:10:47,115 INFO (JWTTokenFilter.java:109)- filter preHandler /sysDrop/findUserByTreaId
2022-10-20 10:10:47,116 INFO (JWTTokenFilter.java:44)- Filter，isLoginAttempt=======================捕捉路径/sysDrop/findUserByTreaId
2022-10-20 10:11:34,278 INFO (JWTTokenFilter.java:109)- filter preHandler /sysDrop/findUserByTreaId
2022-10-20 10:11:34,278 INFO (JWTTokenFilter.java:44)- Filter，isLoginAttempt=======================捕捉路径/sysDrop/findUserByTreaId
2022-10-20 10:22:48,551 INFO (StartupInfoLogger.java:50)- Starting NtfApplication on DESKTOP-E8S3IGV with PID 15984 (started by ds in E:\状\ntf\ntf)
2022-10-20 10:22:48,553 INFO (SpringApplication.java:679)- The following profiles are active: prod
2022-10-20 10:23:01,923 INFO (StartupInfoLogger.java:59)- Started NtfApplication in 14.202 seconds (JVM running for 15.631)
2022-10-20 10:23:54,919 INFO (JWTTokenFilter.java:109)- filter preHandler /orderTreasurePool/page
2022-10-20 10:23:54,919 INFO (JWTTokenFilter.java:44)- Filter，isLoginAttempt=======================捕捉路径/orderTreasurePool/page
2022-10-20 10:24:49,834 INFO (JWTTokenFilter.java:109)- filter preHandler /orderTreasurePool/page
2022-10-20 10:24:49,835 INFO (JWTTokenFilter.java:44)- Filter，isLoginAttempt=======================捕捉路径/orderTreasurePool/page
2022-10-20 10:25:58,194 INFO (JWTTokenFilter.java:109)- filter preHandler /orderTreasurePool/page
2022-10-20 10:25:58,195 INFO (JWTTokenFilter.java:44)- Filter，isLoginAttempt=======================捕捉路径/orderTreasurePool/page
2022-10-20 10:33:27,868 INFO (StartupInfoLogger.java:50)- Starting NtfApplication on DESKTOP-E8S3IGV with PID 10136 (started by ds in E:\状\ntf\ntf)
2022-10-20 10:33:27,869 INFO (SpringApplication.java:679)- The following profiles are active: prod
2022-10-20 10:33:40,917 INFO (StartupInfoLogger.java:59)- Started NtfApplication in 13.68 seconds (JVM running for 15.007)
2022-10-20 10:34:11,965 INFO (JWTTokenFilter.java:109)- filter preHandler /orderTreasurePool/page
2022-10-20 10:34:11,966 INFO (JWTTokenFilter.java:44)- Filter，isLoginAttempt=======================捕捉路径/orderTreasurePool/page
2022-10-20 10:40:09,141 INFO (JWTTokenFilter.java:109)- filter preHandler /orderTreasurePool/page
2022-10-20 10:40:09,141 INFO (JWTTokenFilter.java:44)- Filter，isLoginAttempt=======================捕捉路径/orderTreasurePool/page
2022-10-20 10:40:52,897 INFO (StartupInfoLogger.java:50)- Starting NtfApplication on DESKTOP-E8S3IGV with PID 15512 (started by ds in E:\状\ntf\ntf)
2022-10-20 10:40:52,899 INFO (SpringApplication.java:679)- The following profiles are active: prod
2022-10-20 10:41:06,055 INFO (StartupInfoLogger.java:59)- Started NtfApplication in 15.551 seconds (JVM running for 17.254)
2022-10-20 10:41:29,204 INFO (JWTTokenFilter.java:109)- filter preHandler /orderTreasurePool/page
2022-10-20 10:41:29,204 INFO (JWTTokenFilter.java:44)- Filter，isLoginAttempt=======================捕捉路径/orderTreasurePool/page
2022-10-20 11:06:27,670 INFO (StartupInfoLogger.java:50)- Starting NtfApplication on DESKTOP-E8S3IGV with PID 11000 (started by ds in E:\状\ntf\ntf)
2022-10-20 11:06:27,671 INFO (SpringApplication.java:679)- The following profiles are active: prod
2022-10-20 11:06:40,991 INFO (StartupInfoLogger.java:59)- Started NtfApplication in 14.048 seconds (JVM running for 15.611)
2022-10-20 11:07:16,031 INFO (JWTTokenFilter.java:109)- filter preHandler /orderTreasurePool/page
2022-10-20 11:07:16,031 INFO (JWTTokenFilter.java:44)- Filter，isLoginAttempt=======================捕捉路径/orderTreasurePool/page
2022-10-20 11:07:45,577 INFO (StartupInfoLogger.java:50)- Starting NtfApplication on DESKTOP-E8S3IGV with PID 15520 (started by ds in E:\状\ntf\ntf)
2022-10-20 11:07:45,579 INFO (SpringApplication.java:679)- The following profiles are active: prod
2022-10-20 11:07:58,830 INFO (StartupInfoLogger.java:59)- Started NtfApplication in 13.894 seconds (JVM running for 15.148)
2022-10-20 11:08:51,185 INFO (JWTTokenFilter.java:109)- filter preHandler /orderTreasurePool/page
2022-10-20 11:08:51,185 INFO (JWTTokenFilter.java:44)- Filter，isLoginAttempt=======================捕捉路径/orderTreasurePool/page
2022-10-20 13:47:34,752 INFO (StartupInfoLogger.java:50)- Starting NtfApplication on DESKTOP-E8S3IGV with PID 15420 (started by ds in E:\状\ntf\ntf)
2022-10-20 13:47:34,753 INFO (SpringApplication.java:679)- The following profiles are active: prod
2022-10-20 13:47:48,080 INFO (StartupInfoLogger.java:59)- Started NtfApplication in 14.212 seconds (JVM running for 15.704)
2022-10-20 13:48:56,545 INFO (JWTTokenFilter.java:109)- filter preHandler /orderTreasurePool/adminOrderPpage
2022-10-20 13:48:56,546 INFO (JWTTokenFilter.java:44)- Filter，isLoginAttempt=======================捕捉路径/orderTreasurePool/adminOrderPpage
2022-10-20 13:51:30,531 INFO (StartupInfoLogger.java:50)- Starting NtfApplication on DESKTOP-E8S3IGV with PID 9884 (started by ds in E:\状\ntf\ntf)
2022-10-20 13:51:30,532 INFO (SpringApplication.java:679)- The following profiles are active: prod
2022-10-20 13:51:44,056 INFO (StartupInfoLogger.java:59)- Started NtfApplication in 14.224 seconds (JVM running for 15.806)
2022-10-20 13:52:03,658 INFO (JWTTokenFilter.java:109)- filter preHandler /orderTreasurePool/adminOrderPpage
2022-10-20 13:52:03,658 INFO (JWTTokenFilter.java:44)- Filter，isLoginAttempt=======================捕捉路径/orderTreasurePool/adminOrderPpage
2022-10-20 14:31:22,373 INFO (StartupInfoLogger.java:50)- Starting NtfApplication on DESKTOP-E8S3IGV with PID 17404 (started by ds in E:\状\ntf\ntf)
2022-10-20 14:31:22,374 INFO (SpringApplication.java:679)- The following profiles are active: prod
2022-10-20 14:31:35,166 INFO (StartupInfoLogger.java:59)- Started NtfApplication in 13.856 seconds (JVM running for 15.916)
2022-10-20 14:35:40,851 INFO (StartupInfoLogger.java:50)- Starting NtfApplication on DESKTOP-E8S3IGV with PID 16144 (started by ds in E:\状\ntf\ntf)
2022-10-20 14:35:40,853 INFO (SpringApplication.java:679)- The following profiles are active: prod
2022-10-20 14:35:54,551 INFO (StartupInfoLogger.java:59)- Started NtfApplication in 14.475 seconds (JVM running for 15.956)
2022-10-20 14:38:21,773 INFO (JWTTokenFilter.java:109)- filter preHandler /storeTreasure/joinBlod/8142
2022-10-20 14:38:21,774 INFO (JWTTokenFilter.java:44)- Filter，isLoginAttempt=======================捕捉路径/storeTreasure/joinBlod/8142
2022-10-20 14:38:56,089 INFO (AppStartupRunner.java:56)- redis过期通知,key：blodJoin_8142
2022-10-20 14:38:56,089 INFO (AppStartupRunner.java:92)- 上链交易异步通知开始
2022-10-20 14:44:29,651 INFO (JWTTokenFilter.java:109)- filter preHandler /storeTreasure/joinBlod/8142
2022-10-20 14:44:29,651 INFO (JWTTokenFilter.java:44)- Filter，isLoginAttempt=======================捕捉路径/storeTreasure/joinBlod/8142
2022-10-20 14:45:01,090 INFO (AppStartupRunner.java:56)- redis过期通知,key：blodJoin_8142
2022-10-20 14:45:01,091 INFO (AppStartupRunner.java:92)- 上链交易异步通知开始
2022-10-20 14:50:20,348 INFO (StartupInfoLogger.java:50)- Starting DDCApplicationTests on DESKTOP-E8S3IGV with PID 12860 (started by ds in E:\状\ntf\ntf)
2022-10-20 14:50:20,350 INFO (SpringApplication.java:679)- The following profiles are active: prod
2022-10-20 14:50:37,120 INFO (StartupInfoLogger.java:59)- Started DDCApplicationTests in 17.468 seconds (JVM running for 22.671)
2022-10-20 14:51:22,927 INFO (StartupInfoLogger.java:50)- Starting DDCApplicationTests on DESKTOP-E8S3IGV with PID 13900 (started by ds in E:\状\ntf\ntf)
2022-10-20 14:51:22,929 INFO (SpringApplication.java:679)- The following profiles are active: prod
2022-10-20 14:51:38,174 INFO (StartupInfoLogger.java:59)- Started DDCApplicationTests in 15.712 seconds (JVM running for 18.334)
2022-10-20 14:59:34,235 INFO (StartupInfoLogger.java:50)- Starting DDCApplicationTests on DESKTOP-E8S3IGV with PID 1332 (started by ds in E:\状\ntf\ntf)
2022-10-20 14:59:34,237 INFO (SpringApplication.java:679)- The following profiles are active: prod
2022-10-20 14:59:49,930 INFO (StartupInfoLogger.java:59)- Started DDCApplicationTests in 16.16 seconds (JVM running for 18.848)
2022-10-20 15:16:08,649 INFO (StartupInfoLogger.java:50)- Starting DDCApplicationTests on DESKTOP-E8S3IGV with PID 15656 (started by ds in E:\状\ntf\ntf)
2022-10-20 15:16:08,650 INFO (SpringApplication.java:679)- The following profiles are active: prod
2022-10-20 15:16:23,952 INFO (StartupInfoLogger.java:59)- Started DDCApplicationTests in 15.777 seconds (JVM running for 18.39)
