2023-01-05 15:35:42,467 INFO (StartupInfoLogger.java:50)- Starting NtfApplication on DESKTOP-E8S3IGV with PID 28236 (started by ds in E:\状\ntf\ntf)
2023-01-05 15:35:42,477 INFO (SpringApplication.java:679)- The following profiles are active: dev
2023-01-05 15:36:44,453 INFO (StartupInfoLogger.java:59)- Started NtfApplication in 63.52 seconds (JVM running for 65.618)
2023-01-05 15:37:34,072 INFO (JWTTokenFilter.java:109)- filter preHandler /storeProPool/myTreasure
2023-01-05 15:37:34,074 INFO (JWTTokenFilter.java:44)- Filter，isLoginAttempt=======================捕捉路径/storeProPool/myTreasure
2023-01-05 15:40:14,537 INFO (JWTTokenFilter.java:109)- filter preHandler /storeProPool/myTreasure
2023-01-05 15:40:14,538 INFO (JWTTokenFilter.java:44)- Filter，isLoginAttempt=======================捕捉路径/storeProPool/myTreasure
2023-01-05 15:46:25,943 INFO (JWTTokenFilter.java:109)- filter preHandler /storeProPool/myTreasure
2023-01-05 15:46:25,943 INFO (JWTTokenFilter.java:44)- Filter，isLoginAttempt=======================捕捉路径/storeProPool/myTreasure
2023-01-05 19:31:22,000 INFO (StartupInfoLogger.java:50)- Starting NtfApplication on DESKTOP-E8S3IGV with PID 13216 (started by ds in E:\状\ntf\ntf)
2023-01-05 19:31:22,011 INFO (SpringApplication.java:679)- The following profiles are active: dev
2023-01-05 19:31:37,530 INFO (StartupInfoLogger.java:59)- Started NtfApplication in 16.178 seconds (JVM running for 17.729)
2023-01-05 21:32:08,488 INFO (JWTTokenFilter.java:109)- filter preHandler /orderTreasurePool/add
2023-01-05 21:32:08,526 INFO (JWTTokenFilter.java:44)- Filter，isLoginAttempt=======================捕捉路径/orderTreasurePool/add
2023-01-05 21:32:08,849 INFO (OrderTreasurePoolController.java:63)- 藏品首发，聚合池 下单:{"count":1,"curPrice":50,"flagChnl":"0","itemType":0,"pass":"","payType":4,"teaPoId":1114,"totalPrice":50}
2023-01-05 21:32:32,832 INFO (JWTTokenFilter.java:109)- filter preHandler /orderTreasurePool/add
2023-01-05 21:32:32,834 INFO (JWTTokenFilter.java:44)- Filter，isLoginAttempt=======================捕捉路径/orderTreasurePool/add
2023-01-05 21:32:32,843 INFO (OrderTreasurePoolController.java:63)- 藏品首发，聚合池 下单:{"count":1,"curPrice":50,"flagChnl":"0","itemType":0,"pass":"","payType":4,"teaPoId":1114,"totalPrice":50}
2023-01-05 21:33:26,364 INFO (LLianPayAccpSignature.java:41)- 签名处理中，签名源内容：{"oid_partner":"2022121411351938","user_type":"INNERUSER","user_id":"15140088201","timestamp":"20230105213326"}，对应MD5值：df55c1c0ff93af02bb51d0c6914af0cf
2023-01-05 21:33:26,489 INFO (LLianPayClient.java:33)- 请求URL：https://accpapi.lianlianpay.com/v1/acctmgr/query-acctinfo
2023-01-05 21:33:26,490 INFO (LLianPayClient.java:34)- 请求签名值：VxOEfrb0lV23WCRW5/nbC4xXmxbiHkkJ/FSLLpsam1WFZRFhFdlAKx8C5gMKotX2W3GXzy9KM+rK6dIwyV1eBpZ6WEXj0oJRkMnSmBUm+k8bg6Wo1XHtcNyctCnuF8DrxfAjmB4uNBTT8NC6mnqjfi39B0YI+emceIEoDPj5Rp5+DqYJG1b0WZNpKc3lnDpWd+O6p3X8WbwUslGLOgl/WzkMZfnAjbdymWdhd2EISFvwHO7GNfb4l9DtuX49pYZqIGhgesNttyVVW2n9SQxNWIMu9g602ZUw5ab9OLUA2DftkZ32PpEbazWH+z9aQJ2RkJz+RQSsLRQv6mgzcjq1diIF7U4tNWO6NGPWJgV46th4AHRH8QoGLVKl4s+nx6Yt7kcbkPr4oG+lnWWkyDGKqLDE/ZEcMvN3zhh4P+Jii2nNYsmQaY5U/V5vv4wvMd+6SR9W2F6rSWNHRFaknBK72DkgD788yACm+j+5A34I/LA/Dpwlp2Y00+y1YcYjqHIktwyjR6i8Mq1TCbCsA777S6KSOs1gLeNAnsgMwWpq6PKWYHvmngiHSCHhTaUsH+DzwKwx9mJFWgEI91QHm4b6Q9DQ+45BhawWNqiPzH8D9qbW2f5fKW2M2/xm7pXud3MfKNKfgt58TJlEhekK8CHMKD+2DSZyKTYd1tx16FKxcrY=
2023-01-05 21:33:26,490 INFO (LLianPayClient.java:35)- 请求参数：{"oid_partner":"2022121411351938","user_type":"INNERUSER","user_id":"15140088201","timestamp":"20230105213326"}
2023-01-05 21:33:27,418 INFO (LLianPayClient.java:70)- 响应结果：{"oid_partner":"2022121411351938","ret_code":"1002","ret_msg":"商户请求IP未报备，请联系客服处理","user_id":"15140088201"}
2023-01-05 21:33:27,418 INFO (LLianPayClient.java:72)- 响应签名：Z9CrXVmoqe8BqH//BUcwI/+Luqn+EeSHyrMMuRgR21j/0OMPNUCUMSEoiMgJa43lQucO1spaIydEysDF5gK1t7jh7afvOvo5a38ftAZCIJqm04XqZ6yDAQ1UdKaXZFKPz4o394z784Xxc8JSCbS9mKfLDHBN3tPit+lqrxl29Dc=
2023-01-05 21:33:27,419 INFO (LLianPayAccpSignature.java:71)- 签名验证中，源串：{"oid_partner":"2022121411351938","ret_code":"1002","ret_msg":"商户请求IP未报备，请联系客服处理","user_id":"15140088201"}，对应MD5值：54d446a57152c8e94bcc89d28b2a5a41
2023-01-05 21:33:27,420 INFO (LLianPayClient.java:80)- 响应验签通过！
2023-01-05 21:33:27,439 INFO (LLianPayAccpSignature.java:41)- 签名处理中，签名源内容：{"accountInfo":{"account_need_level":"V3","account_type":"PERSONAL_PAYMENT_ACCOUNT"},"flag_chnl":"H5","notify_url":"http://api.fmcangping.com/nftApi/sysUserAdmin/userOpenNotify","oid_partner":"2022121411351938","timestamp":"20230105213327","txn_seqno":"fea0f923-2cce-467a-8fb0-d6248eb71481","txn_time":"20230105213327","user_id":"15140088201","user_type":"INNERUSER"}，对应MD5值：1f68b26a721b52a1f0660dddaefba259
2023-01-05 21:33:27,538 INFO (LLianPayClient.java:33)- 请求URL：https://accpgw.lianlianpay.com/v1/acctmgr/openacct-apply
2023-01-05 21:33:27,539 INFO (LLianPayClient.java:34)- 请求签名值：N4zhPskhXTn6IFPFqB6fQf3lC0OHfS9qKsd9qp58K5BMDQraGy5MqVSdl35fP3sLkaJFe6RJedhKMLrJ2iR8JNN3bl9ywh9jQe3eSVjlFxDHinY6FY680IUx2Me82372BiykR/oDf20Fp70PdJAKAPtDnSuXDMRX9iGv3gmS1fcHxf0U/qJ2igs3nnffAa6axLxBt4ltAuVwNWIbJy3FIzsUaJU4gSRdkiTBPGH38FIPUt0tUjOY+oG7G07HsTdeGbc6IooIk2q9ohghTHjFoU2siIE5eQTrK8B1tTNGGysWsm0kBxMkP9SsDuAagC2aWauKnRwpq7r4d00jeZERd+ykW1XC1pLVhn/Ifjiky6ltH69OWUld1q2fQn5JIgXSsDxShHtkSjR0qwT4xj4SfAEEFtKgI6sNbrU7h+4dPrKM+9tt0Co0TuS0vK0QvSFkTTnPTZOOZBTlQuxOZw+8LMKTp8NcTdYlVqJSCuvFfrablFapgbM//0BMJ9CTv/mX34tOzv/f9fCCfvkCKwESITzQx6FB7Qxpy2BArhvmDAcSE/2rl3tiWsMzNeS19yZjps6ZwGs0XtliLgXMFQSwc44gvqQNJ5Ky/TYcLMQNVqHwrvCHkQfImf5q5A70GEzLRJY7RrFsCBCe2Lco9Nle3CB2pDkcDbl0M6rH9TwZshA=
2023-01-05 21:33:27,539 INFO (LLianPayClient.java:35)- 请求参数：{"accountInfo":{"account_need_level":"V3","account_type":"PERSONAL_PAYMENT_ACCOUNT"},"flag_chnl":"H5","notify_url":"http://api.fmcangping.com/nftApi/sysUserAdmin/userOpenNotify","oid_partner":"2022121411351938","timestamp":"20230105213327","txn_seqno":"fea0f923-2cce-467a-8fb0-d6248eb71481","txn_time":"20230105213327","user_id":"15140088201","user_type":"INNERUSER"}
2023-01-05 21:33:27,945 INFO (LLianPayClient.java:70)- 响应结果：{"ret_code":"123012","ret_msg":"请求IP非法"}
2023-01-05 21:33:27,946 INFO (LLianPayClient.java:72)- 响应签名：Q1F5J3Dbupz85ZIcEMwYKjthIpd7XFQ/Hnq1R5W9Sn375x3PQDfHYmbMLRsKR1udwWjyy9aoE3VS5UwmFymBO3ngN7RlNOfkyBYEKOdgEKKUKmPtXCikA2L1a+lfTr5jLUkbltXYFbfWpNjO3dX6Si0VVi23Ht/Yg2NLRbolr64=
2023-01-05 21:33:27,947 INFO (LLianPayAccpSignature.java:71)- 签名验证中，源串：{"ret_code":"123012","ret_msg":"请求IP非法"}，对应MD5值：8c02bf50c79f319d05586f8e0bccb0ff
2023-01-05 21:33:27,948 INFO (LLianPayClient.java:80)- 响应验签通过！
2023-01-05 21:33:27,977 INFO (LLianPayAccpSignature.java:41)- 签名处理中，签名源内容：{"oid_partner":"2022121411351938","user_type":"INNERUSER","user_id":"15140088201","timestamp":"20230105213327"}，对应MD5值：f59c712fd267e60de9dafed550eaa699
2023-01-05 21:33:28,075 INFO (LLianPayClient.java:33)- 请求URL：https://accpapi.lianlianpay.com/v1/acctmgr/query-acctinfo
2023-01-05 21:33:28,076 INFO (LLianPayClient.java:34)- 请求签名值：YdnKYabhKnjd1yckzqLidQtAM1CI5XDaRLR7m0YxagtvQmpMOS1kApUjly54d7v8SfRs6VL0T9bT/x4xtAuRl6A2aVRLh7HTNalgUnjMFi3wGI/QB9pXk1G2jxU3fQASlciL4S9azzhKTeXsshE3P8MoYAiHBRkDhhAINZwD5gVAQktMNORGcoljCoaS8z/IKuomz8gnWZjX6o0EGgbRPZIHcQuce/syFLQZMuSYZf5ngF0gMIQvEDJSC/chl2aJGQA9f/IkuRJ8NZuzHPUduLcPU+Y7fuk/7AXhUYo74VCT0hMXKNGvrv388KcFPYBIFGD85sQTJLXbvI2Hrqbl/wfqo0ZHdgta4hkQIk0RlnpCsN5pIqRcM2zkG88cbRwBj5jjn7aNUyTkE5b/TVkqtQ3+sF35SkK0iZbvNUomhNOfe3arYLUjApKOrqxTQ03WLQwNkhNew7XQCv/p5hj0cbZ7ZECAmp/+P9R2TyraJ6Ag3iFM0PruYJ0Kz6U5d8IlgDaXDVuw8K3oKthzAUpGGu+6dwP73/8UxQwZuE3rZem8MsZ3BlG/eU9YdzyMNngoeXvvv9DL6aN/rjpMsNbIcD7ByEd34JbgPI8zGRxNqwB1eXRFXt8Svy1SJ/VBGeQEMf9ziYj08+uoRc2dlSMvZAJ876/sH733+OwSW6gEXc0=
2023-01-05 21:33:28,076 INFO (LLianPayClient.java:35)- 请求参数：{"oid_partner":"2022121411351938","user_type":"INNERUSER","user_id":"15140088201","timestamp":"20230105213327"}
2023-01-05 21:33:28,143 INFO (LLianPayClient.java:70)- 响应结果：{"oid_partner":"2022121411351938","ret_code":"1002","ret_msg":"商户请求IP未报备，请联系客服处理","user_id":"15140088201"}
2023-01-05 21:33:28,143 INFO (LLianPayClient.java:72)- 响应签名：Z9CrXVmoqe8BqH//BUcwI/+Luqn+EeSHyrMMuRgR21j/0OMPNUCUMSEoiMgJa43lQucO1spaIydEysDF5gK1t7jh7afvOvo5a38ftAZCIJqm04XqZ6yDAQ1UdKaXZFKPz4o394z784Xxc8JSCbS9mKfLDHBN3tPit+lqrxl29Dc=
2023-01-05 21:33:28,144 INFO (LLianPayAccpSignature.java:71)- 签名验证中，源串：{"oid_partner":"2022121411351938","ret_code":"1002","ret_msg":"商户请求IP未报备，请联系客服处理","user_id":"15140088201"}，对应MD5值：54d446a57152c8e94bcc89d28b2a5a41
2023-01-05 21:33:28,146 INFO (LLianPayClient.java:80)- 响应验签通过！
2023-01-05 21:33:28,149 INFO (LLianPayAccpSignature.java:41)- 签名处理中，签名源内容：{"accountInfo":{"account_need_level":"V3","account_type":"PERSONAL_PAYMENT_ACCOUNT"},"flag_chnl":"H5","notify_url":"http://api.fmcangping.com/nftApi/sysUserAdmin/userOpenNotify","oid_partner":"2022121411351938","timestamp":"20230105213328","txn_seqno":"2ed29f5d-51b0-4bbf-8f50-ba1ef12296ac","txn_time":"20230105213328","user_id":"15140088201","user_type":"INNERUSER"}，对应MD5值：cdcd1db2939164ae7dc3c73804b9544a
2023-01-05 21:33:28,252 INFO (LLianPayClient.java:33)- 请求URL：https://accpgw.lianlianpay.com/v1/acctmgr/openacct-apply
2023-01-05 21:33:28,253 INFO (LLianPayClient.java:34)- 请求签名值：sv18YxokueYDvXWz38J0iO1OKdLeEXxxnt4QOz7MuH7ST0yziIow78DamZ95PKMFm9ZbCRT//vu2w4gNnv/6xlKMSJbtDe89gUUqQvNW3Wr9ls2Sj/C5iYKth28C/Rm0WzsR/M8q+CE6mcqU6u3pGNUU8SoGKFYayWVyUYVzkWjjv7HxM4MGN3irfUjvlAtN4M+jlSltbU5zMWf+Iiz35wxkHusIilD1h/mI9bc/0CVB02TU3Rn4+QPe0pT3LDv0GPo8jb48kfcBMs0TL5MMQg05umJwxzVq9m0vbO+wi4m1YQwuMV3FIW2hb6BddqSrTXhEVuIXN6ImsSIiT557LALIh401xS2yAQnwP5M/NPhM8Nm7to+Gn8TZmXYrp1zIO2mKxSbUCmfxnzPM6auztBDeTUXEXpT8deuktoFEnhar88INzapdKxBXhGA0rhIEA0eSM0S8XLvmv6BO5Fe74tn79btZ+tUBo3v/zAM1j1jzUJSy9u94ibDbugu5/2SGymZRzGSVmUfKEzxQ65jOkYc6s23TgqPY6ZJs/542j12Czpd2HZvlctUpRV2dtaFQQ/BMi1mBwep0YxryL5dscOx0pq8oB69lqBu0pPRHsedOjz4l3AG7advNYEazWYo96KCrF+El+UkbpCu9rqreAhQHZ/f0gqMUDivFQtMilrY=
2023-01-05 21:33:28,253 INFO (LLianPayClient.java:35)- 请求参数：{"accountInfo":{"account_need_level":"V3","account_type":"PERSONAL_PAYMENT_ACCOUNT"},"flag_chnl":"H5","notify_url":"http://api.fmcangping.com/nftApi/sysUserAdmin/userOpenNotify","oid_partner":"2022121411351938","timestamp":"20230105213328","txn_seqno":"2ed29f5d-51b0-4bbf-8f50-ba1ef12296ac","txn_time":"20230105213328","user_id":"15140088201","user_type":"INNERUSER"}
2023-01-05 21:33:28,321 INFO (LLianPayClient.java:70)- 响应结果：{"ret_code":"123012","ret_msg":"请求IP非法"}
2023-01-05 21:33:28,322 INFO (LLianPayClient.java:72)- 响应签名：Q1F5J3Dbupz85ZIcEMwYKjthIpd7XFQ/Hnq1R5W9Sn375x3PQDfHYmbMLRsKR1udwWjyy9aoE3VS5UwmFymBO3ngN7RlNOfkyBYEKOdgEKKUKmPtXCikA2L1a+lfTr5jLUkbltXYFbfWpNjO3dX6Si0VVi23Ht/Yg2NLRbolr64=
2023-01-05 21:33:28,322 INFO (LLianPayAccpSignature.java:71)- 签名验证中，源串：{"ret_code":"123012","ret_msg":"请求IP非法"}，对应MD5值：8c02bf50c79f319d05586f8e0bccb0ff
2023-01-05 21:33:28,322 INFO (LLianPayClient.java:80)- 响应验签通过！
2023-01-05 21:33:28,662 INFO (LLianPayAccpSignature.java:41)- 签名处理中，签名源内容：{"oid_partner":"2022121411351938","user_type":"INNERUSER","user_id":"15140088201","timestamp":"20230105213328"}，对应MD5值：023ae8bc48509f2cacae2e494d2673ff
2023-01-05 21:33:28,770 INFO (LLianPayClient.java:33)- 请求URL：https://accpapi.lianlianpay.com/v1/acctmgr/query-acctinfo
2023-01-05 21:33:28,770 INFO (LLianPayClient.java:34)- 请求签名值：uCVLApEXF47IwrKEYqIAsPcYaAa6jUbajHj0C+C3pi1sDOG4ZktOBMDGMst3lWH9jrte8BnfIN+UjBUZTSVcoF21v49arxVWM5hAnDV1Vn+pO7AP6NOrefk86fKeyXh1/BUUDu0XKW49YcRzPJhGf4BT5jLqloRI/z4zXM2bcyo+XPjnSssWfD4VEQ8N7UBmsjaS0C0ygEsKpeLejQ9W5HWbyVg8QjK2cru4Qs/izFzphlzd3gzpWn9BQ6uAsjBqG1LGpiRg32HJ9UHQe/YmUOhK6bOpoxbv7qdu4xYr9J7hMOkVmTPx6g77to+7y83Iqg84MxV9GQkq2Z5ZA2RxfgJlstvh07pS1qSlC5wJ+F9qFkGOz98VoxGe7XZmEBTNFm9GjyBnn7eGlYyMzYPWHJsI6WmWmgkV/7+f5SqsxOPx2lAec7gs+7gmqT0slwdNIwFOgcuv/Tr8LiNXjOI0s01/izZWjMG/cifg5U2u3kgrlNZyvIJunic4MoOEZrRzMVPlO0KCBNhRnqPwRl6pzPIXc0hU6/nCMrgiOS0XsraBZtsswMc1Qq4fZma/pRL4e52mx64JSjqqOEw+Tp6Mct9el7lNiBrJhYgHhGYInKW3MnbbB4/5m6u3HFLhBzVZI633oqENlx4DNcdLwg8Q2j+Lvr+xBh5zY4qgGxgPZXY=
2023-01-05 21:33:28,770 INFO (LLianPayClient.java:35)- 请求参数：{"oid_partner":"2022121411351938","user_type":"INNERUSER","user_id":"15140088201","timestamp":"20230105213328"}
2023-01-05 21:33:28,844 INFO (LLianPayClient.java:70)- 响应结果：{"oid_partner":"2022121411351938","ret_code":"1002","ret_msg":"商户请求IP未报备，请联系客服处理","user_id":"15140088201"}
2023-01-05 21:33:28,845 INFO (LLianPayClient.java:72)- 响应签名：Z9CrXVmoqe8BqH//BUcwI/+Luqn+EeSHyrMMuRgR21j/0OMPNUCUMSEoiMgJa43lQucO1spaIydEysDF5gK1t7jh7afvOvo5a38ftAZCIJqm04XqZ6yDAQ1UdKaXZFKPz4o394z784Xxc8JSCbS9mKfLDHBN3tPit+lqrxl29Dc=
2023-01-05 21:33:28,845 INFO (LLianPayAccpSignature.java:71)- 签名验证中，源串：{"oid_partner":"2022121411351938","ret_code":"1002","ret_msg":"商户请求IP未报备，请联系客服处理","user_id":"15140088201"}，对应MD5值：54d446a57152c8e94bcc89d28b2a5a41
2023-01-05 21:33:28,846 INFO (LLianPayClient.java:80)- 响应验签通过！
2023-01-05 21:33:28,847 INFO (LLianPayAccpSignature.java:41)- 签名处理中，签名源内容：{"accountInfo":{"account_need_level":"V3","account_type":"PERSONAL_PAYMENT_ACCOUNT"},"flag_chnl":"H5","notify_url":"http://api.fmcangping.com/nftApi/sysUserAdmin/userOpenNotify","oid_partner":"2022121411351938","timestamp":"20230105213328","txn_seqno":"33d6e6a0-dc76-43df-a6e4-ab08f0b41cb0","txn_time":"20230105213328","user_id":"15140088201","user_type":"INNERUSER"}，对应MD5值：fdaf7478e8c9dc9145c913b5293a2abc
2023-01-05 21:33:28,947 INFO (LLianPayClient.java:33)- 请求URL：https://accpgw.lianlianpay.com/v1/acctmgr/openacct-apply
2023-01-05 21:33:28,949 INFO (LLianPayClient.java:34)- 请求签名值：q3AuaK+G5o2c2wD1a1AjEHwUmaWnCEXVyZakVmHovoyHxURjOCw1ggJEKHRfuXYsuV+0NEd/9x2EOUP7CSkRakGaOpF776d0dYXTJpTK0Tr77zcWaYknBOz6JwcGEK0WdCRfGkC2bxKUUxqa0JZYIIe2MOerIUYmNPdCIHP1Pv1e57Ey+atiyB4dStzMamP7yGRIHzKNTexTYrRQzLQngTwP3n49TmDjDylMfDWY1Q4I44YYRC1DRxXA4vwwQc6tm8Qzl39kH+Z8dZbbVX6IRmicQHyYdRVawrrQBgaFPVxc2sLZptVGncgOXZmf5iIBUW9Kom1ppBUlziH3q2uV7izkpdTS0oUKf/OMvu6vVS3UiUzSWCoYKNak68mUNK2vdG0mTtnfSB5dnyaz0+h+pue4HY3N1apslqVs3OqZc6AzcvAQpgkaLTuViRwDbDhzIc00003DKV2M9un6Ooi+HZuwyftdUwfVESSc0hgRBUdCPD3ZLvYpEYLKfGRcI5CBClVxVGekLNMrH19uUH70xYSAecprkvyc0N8Rm8DqeXCXZRibl11u7wX+lZtgXBBtcG7AeBvLiTRZWaEDbij2I2DGHiyErdC2EtBbMPa04HaG/loZN4fVKTSTszdzSHdmYmw8SZUKxdVyKZv3t0wYV3Phn3Ptxy7j+v9kYLzIMnw=
2023-01-05 21:33:28,949 INFO (LLianPayClient.java:35)- 请求参数：{"accountInfo":{"account_need_level":"V3","account_type":"PERSONAL_PAYMENT_ACCOUNT"},"flag_chnl":"H5","notify_url":"http://api.fmcangping.com/nftApi/sysUserAdmin/userOpenNotify","oid_partner":"2022121411351938","timestamp":"20230105213328","txn_seqno":"33d6e6a0-dc76-43df-a6e4-ab08f0b41cb0","txn_time":"20230105213328","user_id":"15140088201","user_type":"INNERUSER"}
2023-01-05 21:33:29,021 INFO (LLianPayClient.java:70)- 响应结果：{"ret_code":"123012","ret_msg":"请求IP非法"}
2023-01-05 21:33:29,021 INFO (LLianPayClient.java:72)- 响应签名：Q1F5J3Dbupz85ZIcEMwYKjthIpd7XFQ/Hnq1R5W9Sn375x3PQDfHYmbMLRsKR1udwWjyy9aoE3VS5UwmFymBO3ngN7RlNOfkyBYEKOdgEKKUKmPtXCikA2L1a+lfTr5jLUkbltXYFbfWpNjO3dX6Si0VVi23Ht/Yg2NLRbolr64=
2023-01-05 21:33:29,021 INFO (LLianPayAccpSignature.java:71)- 签名验证中，源串：{"ret_code":"123012","ret_msg":"请求IP非法"}，对应MD5值：8c02bf50c79f319d05586f8e0bccb0ff
2023-01-05 21:33:29,022 INFO (LLianPayClient.java:80)- 响应验签通过！
2023-01-05 21:33:41,377 INFO (JWTTokenFilter.java:109)- filter preHandler /orderTreasurePool/add
2023-01-05 21:33:41,377 INFO (JWTTokenFilter.java:44)- Filter，isLoginAttempt=======================捕捉路径/orderTreasurePool/add
2023-01-05 21:33:41,384 INFO (OrderTreasurePoolController.java:63)- 藏品首发，聚合池 下单:{"count":1,"curPrice":50,"flagChnl":"0","itemType":0,"pass":"","payType":4,"teaPoId":1114,"totalPrice":50}
2023-01-05 21:33:55,035 INFO (JWTTokenFilter.java:109)- filter preHandler /orderTreasurePool/add
2023-01-05 21:33:55,035 INFO (JWTTokenFilter.java:44)- Filter，isLoginAttempt=======================捕捉路径/orderTreasurePool/add
2023-01-05 21:33:55,043 INFO (OrderTreasurePoolController.java:63)- 藏品首发，聚合池 下单:{"count":1,"curPrice":40,"flagChnl":"0","itemType":0,"pass":"","payType":4,"teaPoId":1114,"totalPrice":40}
2023-01-05 21:35:31,081 INFO (StartupInfoLogger.java:50)- Starting NtfApplication on DESKTOP-E8S3IGV with PID 12300 (started by ds in E:\状\ntf\ntf)
2023-01-05 21:35:31,084 INFO (SpringApplication.java:679)- The following profiles are active: dev
2023-01-05 21:35:50,566 INFO (StartupInfoLogger.java:59)- Started NtfApplication in 20.481 seconds (JVM running for 22.039)
2023-01-05 21:35:53,419 INFO (JWTTokenFilter.java:109)- filter preHandler /orderTreasurePool/add
2023-01-05 21:35:53,420 INFO (JWTTokenFilter.java:44)- Filter，isLoginAttempt=======================捕捉路径/orderTreasurePool/add
2023-01-05 21:35:53,880 INFO (OrderTreasurePoolController.java:63)- 藏品首发，聚合池 下单:{"count":1,"curPrice":40,"flagChnl":"0","itemType":0,"pass":"","payType":4,"teaPoId":1114,"totalPrice":40}
2023-01-05 21:36:00,910 INFO (LLianPayAccpSignature.java:41)- 签名处理中，签名源内容：{"oid_partner":"2022121411351938","user_type":"INNERUSER","user_id":"15140088201","timestamp":"20230105213600"}，对应MD5值：7163ed4e5e66425464fc1ba469f87d0f
2023-01-05 21:36:01,743 INFO (LLianPayClient.java:33)- 请求URL：https://accpapi.lianlianpay.com/v1/acctmgr/query-acctinfo
2023-01-05 21:36:01,744 INFO (LLianPayClient.java:34)- 请求签名值：M9cqwf833Ya1GNLzsYT22ZkD6RALhU3IjSUwPF8K6+hGtbK6evu7kn9GJY4pZz7e49Ijy3huCSGt/dc0OburXRZ1zpd+2qO4JXh8VzoERlvAXGDVSHmdSB0QvxwBM/AyaIBIMzluZHwiMrYTRhIYX96737gf5BE880Tiv6QYiBighhqkwdmfUKWO4MxudeW/55/T8E+mBX/7zVvsKMZ7Lzx1nmWBn2DhOlrVGNmVRLwgJ5ccFL04+WDkVjL5OdDfIOPdk+3NY17EGndY2ggrXbZjXgAcw1UvZtQ0KVyKZaRlZV4Qhh1+KBRZ5PObQqziIBZbnOeTOROUATX8Kr5YO4MvsVZ6uxU/5CIFB0WxWdpov34J0vXUyIF25kMZyd8qtlE+i8UEjTms4MXcsRenZlqC7A0ct+lIayK66i5QwirGeuasMqkZZmlBTqVn8h+aX3GpDUci5wIiYToEMrXK8kXcySgSK7tIAblAZWkzZiYWy6AQBefEsENu31ey5ZhUObiQVHp9CjZeHfIHLkiU5zftEA2Bpnf4+3RbTLVeDk2OArd2M2zbD16bRfn5LvHtRAzmpyUHhfTdx9SuqvbPuwXR4Eudz2dtuqWEQj0zGFyKF1O84IYbz4uXz2OMc+1rHx8AHx/9tgDaL3UfUp9DjhE3GgzrmlESDosWzKflGiE=
2023-01-05 21:36:01,744 INFO (LLianPayClient.java:35)- 请求参数：{"oid_partner":"2022121411351938","user_type":"INNERUSER","user_id":"15140088201","timestamp":"20230105213600"}
2023-01-05 21:36:04,036 INFO (LLianPayClient.java:70)- 响应结果：{"oid_partner":"2022121411351938","ret_code":"1002","ret_msg":"商户请求IP未报备，请联系客服处理","user_id":"15140088201"}
2023-01-05 21:36:04,037 INFO (LLianPayClient.java:72)- 响应签名：Z9CrXVmoqe8BqH//BUcwI/+Luqn+EeSHyrMMuRgR21j/0OMPNUCUMSEoiMgJa43lQucO1spaIydEysDF5gK1t7jh7afvOvo5a38ftAZCIJqm04XqZ6yDAQ1UdKaXZFKPz4o394z784Xxc8JSCbS9mKfLDHBN3tPit+lqrxl29Dc=
2023-01-05 21:36:04,037 INFO (LLianPayAccpSignature.java:71)- 签名验证中，源串：{"oid_partner":"2022121411351938","ret_code":"1002","ret_msg":"商户请求IP未报备，请联系客服处理","user_id":"15140088201"}，对应MD5值：54d446a57152c8e94bcc89d28b2a5a41
2023-01-05 21:36:04,038 INFO (LLianPayClient.java:80)- 响应验签通过！
2023-01-05 21:36:04,097 INFO (LLianPayAccpSignature.java:41)- 签名处理中，签名源内容：{"accountInfo":{"account_need_level":"V3","account_type":"PERSONAL_PAYMENT_ACCOUNT"},"flag_chnl":"H5","notify_url":"http://api.fmcangping.com/nftApi/sysUserAdmin/userOpenNotify","oid_partner":"2022121411351938","timestamp":"20230105213604","txn_seqno":"5fb73fa6-c8a8-44d7-94c0-65041147e9de","txn_time":"20230105213604","user_id":"15140088201","user_type":"INNERUSER"}，对应MD5值：242490faa53079d52b01701e3cab2145
2023-01-05 21:36:05,139 INFO (LLianPayClient.java:33)- 请求URL：https://accpgw.lianlianpay.com/v1/acctmgr/openacct-apply
2023-01-05 21:36:05,139 INFO (LLianPayClient.java:34)- 请求签名值：LikNg9qoUNaYZeCqjb69Lec9GvG4QLNVe4y8jW7TfAcb9ZBIlwSHn2PzmS+mRqSFtXpyTZUsoDCEs9hqc8VA5VWqXR7IybZWF77anFiJ+tBOKrZGaCNZncd9/deaK7ehW5K32MTbFwbY1x5oLGfNr9ElrHgSTELfVbhbOhuBKlRNW8qMX9ouv3LN8+ZmMi6MiEv5fp+dOGxgTpUTlKtRv0kaX9n/0XQODHJs3xZ5BsY09TJyJpnSDlKsEbPZOQGQa7k5o0uf/ToHdwif/XXlQsw57Pb1EMknbkOowxPQTcHQ4glmnrsh3eYBRts4c9sw4rUVMDc93KXZ4gaHE7twWs7aW5bBnlWKRTDfCIjb6sb1lQ9bawMY+pGVFjs4At1CIDkixod6iI//tjb6TZKjpvdJKiaFwgZB1MTnqqCdBLDEeE0U2YtWQkL9nvhRoTAlRzNNjR+L1C7R8O8mM/RUtu9WZVQ2wVd5mC1OwLuCYl4KcLtd7I7qaAQv823iXmY4px3yIrnmmk4ofJJ4cEICDqV5NwBaS7/njZzkxIQ1T+iaMsdoxV1d5m/aB0QqW7MnjZHqyeIDTIENygBESIl38ML4+AavWUcr1Qf+6zsOCL8Ul3UnktPX8ToGvqpRoFoxE5YOopZnK7j+y49HmB/7HSfO3Qqn481R0PYB06CK4aA=
2023-01-05 21:36:05,140 INFO (LLianPayClient.java:35)- 请求参数：{"accountInfo":{"account_need_level":"V3","account_type":"PERSONAL_PAYMENT_ACCOUNT"},"flag_chnl":"H5","notify_url":"http://api.fmcangping.com/nftApi/sysUserAdmin/userOpenNotify","oid_partner":"2022121411351938","timestamp":"20230105213604","txn_seqno":"5fb73fa6-c8a8-44d7-94c0-65041147e9de","txn_time":"20230105213604","user_id":"15140088201","user_type":"INNERUSER"}
2023-01-05 21:36:05,609 INFO (LLianPayClient.java:70)- 响应结果：{"ret_code":"123012","ret_msg":"请求IP非法"}
2023-01-05 21:36:05,610 INFO (LLianPayClient.java:72)- 响应签名：Q1F5J3Dbupz85ZIcEMwYKjthIpd7XFQ/Hnq1R5W9Sn375x3PQDfHYmbMLRsKR1udwWjyy9aoE3VS5UwmFymBO3ngN7RlNOfkyBYEKOdgEKKUKmPtXCikA2L1a+lfTr5jLUkbltXYFbfWpNjO3dX6Si0VVi23Ht/Yg2NLRbolr64=
2023-01-05 21:36:05,610 INFO (LLianPayAccpSignature.java:71)- 签名验证中，源串：{"ret_code":"123012","ret_msg":"请求IP非法"}，对应MD5值：8c02bf50c79f319d05586f8e0bccb0ff
2023-01-05 21:36:05,612 INFO (LLianPayClient.java:80)- 响应验签通过！
2023-01-05 21:36:05,855 INFO (LLianPayAccpSignature.java:41)- 签名处理中，签名源内容：{"oid_partner":"2022121411351938","user_type":"INNERUSER","user_id":"15140088201","timestamp":"20230105213605"}，对应MD5值：7b8cab84a9a65a83bba7c3507d39b0b9
2023-01-05 21:36:06,172 INFO (LLianPayClient.java:33)- 请求URL：https://accpapi.lianlianpay.com/v1/acctmgr/query-acctinfo
2023-01-05 21:36:06,172 INFO (LLianPayClient.java:34)- 请求签名值：dEaMiTlJUzSwjZmR4xfN+mzhxpzP1y9pHI+esgcvsmTs1lsPjIm1jS2aFLmORIdCuWZmJmB1bFj2sgBUwpGuYehyG+G2x7cY9PecbqWYXzDoUCSpQS4cTqzOBvqrpokAp9W67zlstG5Qi/pRr89QK12YmofUzK66eZifbhcA7iiZnn2evbt3BxOewoE73Tk+bywM+ntPJbJe8NcvSVZOjzYdcmu8dJ88B/bUzEfCa72/HzuLDCiYCrT4z7joaw1ZS0R9+X3ISHYCTruyhsfjJhihhIzRBCswvuJFoTZSOTA2MvpCif5vjuUQooccHzXBpCnxpDguz+fkzuSbatlqNLNfsFfRpQhsrCEmbf5ZDu3aLUetjV+08AN5Tw6PAzoCHO6f65KbPHrpJvn9c3qUBjRQkLFwbT2BrgSSUOa1z1SEsAKJ6zaAyMKJ1djFOwX7fbw2A5FCSfXzEMKySa8V57RkcjHF5nBsnBp0QfAvMO4e4uKHm0xUllkw6T1hghjI2hDTJU/eaGcSMj4B+bOnbZVfGuLnmYuA8HHJ+f/zQCy2irkEx1Abc1/6T5SYz3ylvbfCdoMBMkOfd0/Dswv9UIiPUxfAqRYSDYW6O2M+hJxTrqmWAtwDsOxQDwsnVbRlM7bz8sOYEz8Jlf/W0a0k1HlgwYsc2OnN/PmhhHgGsIk=
2023-01-05 21:36:06,172 INFO (LLianPayClient.java:35)- 请求参数：{"oid_partner":"2022121411351938","user_type":"INNERUSER","user_id":"15140088201","timestamp":"20230105213605"}
2023-01-05 21:36:06,250 INFO (LLianPayClient.java:70)- 响应结果：{"oid_partner":"2022121411351938","ret_code":"1002","ret_msg":"商户请求IP未报备，请联系客服处理","user_id":"15140088201"}
2023-01-05 21:36:06,250 INFO (LLianPayClient.java:72)- 响应签名：Z9CrXVmoqe8BqH//BUcwI/+Luqn+EeSHyrMMuRgR21j/0OMPNUCUMSEoiMgJa43lQucO1spaIydEysDF5gK1t7jh7afvOvo5a38ftAZCIJqm04XqZ6yDAQ1UdKaXZFKPz4o394z784Xxc8JSCbS9mKfLDHBN3tPit+lqrxl29Dc=
2023-01-05 21:36:06,250 INFO (LLianPayAccpSignature.java:71)- 签名验证中，源串：{"oid_partner":"2022121411351938","ret_code":"1002","ret_msg":"商户请求IP未报备，请联系客服处理","user_id":"15140088201"}，对应MD5值：54d446a57152c8e94bcc89d28b2a5a41
2023-01-05 21:36:06,252 INFO (LLianPayClient.java:80)- 响应验签通过！
2023-01-05 21:36:06,253 INFO (LLianPayAccpSignature.java:41)- 签名处理中，签名源内容：{"accountInfo":{"account_need_level":"V3","account_type":"PERSONAL_PAYMENT_ACCOUNT"},"flag_chnl":"H5","notify_url":"http://api.fmcangping.com/nftApi/sysUserAdmin/userOpenNotify","oid_partner":"2022121411351938","timestamp":"20230105213606","txn_seqno":"cfb3b8f1-9a4c-4043-890d-fd36f3bdba67","txn_time":"20230105213606","user_id":"15140088201","user_type":"INNERUSER"}，对应MD5值：7fef69ea34e911e368a25bed25813538
2023-01-05 21:36:06,419 INFO (LLianPayClient.java:33)- 请求URL：https://accpgw.lianlianpay.com/v1/acctmgr/openacct-apply
2023-01-05 21:36:06,420 INFO (LLianPayClient.java:34)- 请求签名值：uIYeIaiTCBSynXaHlSQdZJViuSMzARBKe5F6Bt4eoCInJWwdop/unuw3PfBhtqmnJRPIzLuwIPc3Qw66rZROB7dZ7c3oHVrWukJPrwi+j559HR2d5j5eV9VKH4SxYUITA0YKNA0wnqCUF5fblpn22YTb0lio/idFl8gZZM3ewEsDLyjiOv3seT9kcUge5T8Gy7I7engjC03ko4LRCxqlq+tE2R2Wl6oakZmAVXGeucHNdJXxyottWWTVZt0gY90uYWC7A+EgOCBurSG7T0bZywzzSIRzBtG0yF69XPVwVLPOABVMbE7Nk+Y344jGYc4q1xbu5m6d2frMuKCmHJgXiNY0vwx0NrlHCuyhXLKEKJhML60NuDGM+38dv35eDbHKu+HEzh9m1hpVkZvQRHs/4ozxpe+YCCyh1Xm62Vlt5rEleyBLBbKo838KZx8oAM+YLzIWwRTQSXRcAJaOs/8LvAoSgjAuLsJBXymn13HugXBWpVnplZFcmZQp/fmg86swS2p2NsCCan3Ig4GZEY+A9HeYn3/jtAU55jFJ9AB6e11scNAr1YO4W4TLpw4VfPeTy8Q83WD9C35bkyP5u7Vir2BjKaE+g6hQ6yrQQMP5N+Q3Y20PZFtiZbhGl5tC0ExvLcFzX5lOk+5w1v+RKLyIxZtN+9P44EvqMrykoSvTb2s=
2023-01-05 21:36:06,420 INFO (LLianPayClient.java:35)- 请求参数：{"accountInfo":{"account_need_level":"V3","account_type":"PERSONAL_PAYMENT_ACCOUNT"},"flag_chnl":"H5","notify_url":"http://api.fmcangping.com/nftApi/sysUserAdmin/userOpenNotify","oid_partner":"2022121411351938","timestamp":"20230105213606","txn_seqno":"cfb3b8f1-9a4c-4043-890d-fd36f3bdba67","txn_time":"20230105213606","user_id":"15140088201","user_type":"INNERUSER"}
2023-01-05 21:36:06,503 INFO (LLianPayClient.java:70)- 响应结果：{"ret_code":"123012","ret_msg":"请求IP非法"}
2023-01-05 21:36:06,503 INFO (LLianPayClient.java:72)- 响应签名：Q1F5J3Dbupz85ZIcEMwYKjthIpd7XFQ/Hnq1R5W9Sn375x3PQDfHYmbMLRsKR1udwWjyy9aoE3VS5UwmFymBO3ngN7RlNOfkyBYEKOdgEKKUKmPtXCikA2L1a+lfTr5jLUkbltXYFbfWpNjO3dX6Si0VVi23Ht/Yg2NLRbolr64=
2023-01-05 21:36:06,504 INFO (LLianPayAccpSignature.java:71)- 签名验证中，源串：{"ret_code":"123012","ret_msg":"请求IP非法"}，对应MD5值：8c02bf50c79f319d05586f8e0bccb0ff
2023-01-05 21:36:06,504 INFO (LLianPayClient.java:80)- 响应验签通过！
2023-01-05 21:36:06,560 INFO (RedisKeyExpirationListener.java:43)- redis过期通知,key：LOCK_tre_1114
2023-01-05 21:38:55,666 INFO (AppStartupRunner.java:54)- redis过期通知,key：orderTreasurePool_18092
2023-01-05 21:41:06,909 INFO (AppStartupRunner.java:54)- redis过期通知,key：orderTreasurePool_20095
